#
# A fatal error has been detected by the Java Runtime Environment:
#
#  EXCEPTION_ACCESS_VIOLATION (0xc0000005) at pc=0x00007ffce56048b0, pid=1600, tid=5612
#
# JRE version: Java(TM) SE Runtime Environment (17.0.1+12) (build 17.0.1+12-LTS-39)
# Java VM: Java HotSpot(TM) 64-Bit Server VM (17.0.1+12-LTS-39, mixed mode, sharing, tiered, compressed oops, compressed class ptrs, g1 gc, windows-amd64)
# Problematic frame:
# V  [jvm.dll+0x3648b0]
#
# No core dump will be written. Minidumps are not enabled by default on client versions of Windows
#
# If you would like to submit a bug report, please visit:
#   https://bugreport.java.com/bugreport/crash.jsp
#

---------------  S U M M A R Y ------------

Command Line: -Dfile.encoding=UTF-8 --module-path=C:\Users\Johan Cruz\Desktop\Paint\build\classes paint.Paint

Host: Intel(R) Core(TM)2 Duo CPU     T7250  @ 2.00GHz, 2 cores, 2G,  Windows 10 , 64 bit Build 19041 (10.0.19041.1348)
Time: Tue Nov 16 20:52:20 2021 Hora estándar oeste, Sudamérica elapsed time: 7.180854 seconds (0d 0h 0m 7s)

---------------  T H R E A D  ---------------

Current thread (0x00000166bd7fa730):  JavaThread "C2 CompilerThread0" daemon [_thread_in_native, id=5612, stack(0x0000005290c00000,0x0000005290d00000)]


Current CompileTask:
C2:   7181 1501       4       sun.java2d.marlin.MarlinCache::copyAARowRLE_WithBlockFlags (733 bytes)

Stack: [0x0000005290c00000,0x0000005290d00000],  sp=0x0000005290cfb7f0,  free space=1005k
Native frames: (J=compiled Java code, j=interpreted, Vv=VM code, C=native code)
V  [jvm.dll+0x3648b0]
V  [jvm.dll+0x35dc38]
V  [jvm.dll+0x1b995e]
V  [jvm.dll+0x215d49]
V  [jvm.dll+0x215011]
V  [jvm.dll+0x1a168d]
V  [jvm.dll+0x224848]
V  [jvm.dll+0x2229ac]
V  [jvm.dll+0x78435b]
V  [jvm.dll+0x77e91a]
V  [jvm.dll+0x66e845]
C  [ucrtbase.dll+0x21bb2]
C  [KERNEL32.DLL+0x17034]
C  [ntdll.dll+0x52651]


siginfo: EXCEPTION_ACCESS_VIOLATION (0xc0000005), reading address 0x00007ffc00000000


Register to memory mapping:

RIP=0x00007ffce56048b0 jvm.dll
RAX=0x0 is NULL
RBX=0x0000005290cfb840 is pointing into the stack for thread: 0x00000166bd7fa730
RCX=0x0 is NULL
RDX=0x00007ffc00000000 is an unknown value
RSP=0x0000005290cfb7f0 is pointing into the stack for thread: 0x00000166bd7fa730
RBP=0x0000005290cfb960 is pointing into the stack for thread: 0x00000166bd7fa730
RSI=0x00007ffce5d89378 jvm.dll
RDI=0x0000000000000002 is an unknown value
R8 =0x00000000000001c0 is an unknown value
R9 =0x0000000000000005 is an unknown value
R10=0x00000000000001cb is an unknown value
R11=0x0000000000000004 is an unknown value
R12=0x0 is NULL
R13=0x0 is NULL
R14=0x00000000000001be is an unknown value
R15=0x00000000000001be is an unknown value


Registers:
RAX=0x0000000000000000, RBX=0x0000005290cfb840, RCX=0x0000000000000000, RDX=0x00007ffc00000000
RSP=0x0000005290cfb7f0, RBP=0x0000005290cfb960, RSI=0x00007ffce5d89378, RDI=0x0000000000000002
R8 =0x00000000000001c0, R9 =0x0000000000000005, R10=0x00000000000001cb, R11=0x0000000000000004
R12=0x0000000000000000, R13=0x0000000000000000, R14=0x00000000000001be, R15=0x00000000000001be
RIP=0x00007ffce56048b0, EFLAGS=0x0000000000010246

Top of Stack: (sp=0x0000005290cfb7f0)
0x0000005290cfb7f0:   00000000000005ef 00007ffce5604a04
0x0000005290cfb800:   00000166bd7f36a0 00000166d906b900
0x0000005290cfb810:   0000000000000030 00007ffce55fdc38
0x0000005290cfb820:   0000000000000002 0000000000000002
0x0000005290cfb830:   00000166d9540de0 00000000000005ef
0x0000005290cfb840:   0000000000000000 00000004000001cb
0x0000005290cfb850:   0000000500000002 00007ffc00000000
0x0000005290cfb860:   00000166d9516ff0 00000166d9516fe0
0x0000005290cfb870:   00000166d7741b10 00000000000003d8
0x0000005290cfb880:   00000166d7741b00 00000166bd7694c0
0x0000005290cfb890:   0000005290cfb9a0 00007ffce545995e
0x0000005290cfb8a0:   0000005290cfbd00 0000005290cfbde0
0x0000005290cfb8b0:   0000000000000000 00000166d7741b00
0x0000005290cfb8c0:   3ff00000deadbe00 0000005290cfbe70
0x0000005290cfb8d0:   4021204300000006 00000166d7741b00
0x0000005290cfb8e0:   00000166d92710a0 00000166d9271710 

Instructions: (pc=0x00007ffce56048b0)
0x00007ffce56047b0:   48 8b a8 80 00 00 00 48 8b 8d c8 08 00 00 48 85
0x00007ffce56047c0:   c9 75 0c e8 e8 0b 00 00 48 8b 8d c8 08 00 00 48
0x00007ffce56047d0:   8b 01 0f 57 c0 48 89 85 c8 08 00 00 0f 11 01 0f
0x00007ffce56047e0:   11 41 10 41 0f 10 06 0f 11 01 41 0f 10 4e 10 0f
0x00007ffce56047f0:   11 49 10 48 8b 43 08 48 89 0c 06 ff c7 ba 48 00
0x00007ffce5604800:   00 00 3b bb 90 00 00 00 0f 82 62 ff ff ff 4c 8b
0x00007ffce5604810:   74 24 60 4c 8b 6c 24 58 4c 8b 64 24 50 48 8b c3
0x00007ffce5604820:   48 83 c4 20 41 5f 5f 5e 5d 5b c3 cc cc cc cc cc
0x00007ffce5604830:   40 53 48 83 ec 20 8b 51 0c 48 8b d9 83 fa 04 73
0x00007ffce5604840:   2a 4c 8b 59 18 66 66 66 0f 1f 84 00 00 00 00 00
0x00007ffce5604850:   44 8b d2 44 8d 4a 01 4b 83 3c d3 00 0f 85 8f 00
0x00007ffce5604860:   00 00 41 8b d1 41 83 f9 04 72 e5 48 89 74 24 30
0x00007ffce5604870:   48 89 7c 24 38 8b 79 10 3b 79 14 73 62 48 8d 35
0x00007ffce5604880:   f4 4a 78 00 0f 1f 40 00 0f 1f 84 00 00 00 00 00
0x00007ffce5604890:   48 8b 43 20 8b cf 48 8b 14 c8 48 3b d6 74 39 33
0x00007ffce56048a0:   c0 48 89 53 18 33 c9 66 0f 1f 84 00 00 00 00 00
0x00007ffce56048b0:   48 83 3c 11 00 44 8d 48 01 75 6f 48 83 c1 08 41
0x00007ffce56048c0:   8b c1 41 83 f9 04 72 e8 48 8b 4b 28 48 85 c9 74
0x00007ffce56048d0:   07 8b d7 e8 58 01 00 00 ff c7 3b 7b 14 72 b1 48
0x00007ffce56048e0:   8b 74 24 30 33 c0 48 8b 7c 24 38 48 83 c4 20 5b
0x00007ffce56048f0:   c3 8b 41 10 44 8d 04 82 41 c1 e0 06 41 81 c0 00
0x00007ffce5604900:   ff ff ff 44 89 41 08 4b 8b 14 d3 48 0f bc c2 44
0x00007ffce5604910:   89 49 0c 8b c8 48 d3 ea 48 ff ca 41 03 c0 48 89
0x00007ffce5604920:   13 89 43 08 48 83 c4 20 5b c3 48 8b 74 24 30 44
0x00007ffce5604930:   8d 04 b8 8b c8 8d 47 01 48 8b 7c 24 38 41 c1 e0
0x00007ffce5604940:   06 44 89 43 08 48 8b 14 ca 89 43 10 48 0f bc c2
0x00007ffce5604950:   44 89 4b 0c 8b c8 48 d3 ea 48 ff ca 41 03 c0 48
0x00007ffce5604960:   89 13 89 43 08 48 83 c4 20 5b c3 cc cc cc cc cc
0x00007ffce5604970:   40 53 48 83 ec 20 65 48 8b 04 25 58 00 00 00 8b
0x00007ffce5604980:   0d f3 2f 7c 00 48 8b 1c c8 b8 48 00 00 00 80 3c
0x00007ffce5604990:   18 00 75 05 e8 03 58 4c 00 b8 18 00 00 00 48 8b
0x00007ffce56049a0:   04 18 48 8b 88 d0 04 00 00 48 8b 99 80 00 00 00 


Stack slot to memory mapping:
stack at sp + 0 slots: 0x00000000000005ef is an unknown value
stack at sp + 1 slots: 0x00007ffce5604a04 jvm.dll
stack at sp + 2 slots: 0x00000166bd7f36a0 points into unknown readable memory: 0x0000000000000006 | 06 00 00 00 00 00 00 00
stack at sp + 3 slots: 0x00000166d906b900 points into unknown readable memory: 0x00000166d90672a0 | a0 72 06 d9 66 01 00 00
stack at sp + 4 slots: 0x0000000000000030 is an unknown value
stack at sp + 5 slots: 0x00007ffce55fdc38 jvm.dll
stack at sp + 6 slots: 0x0000000000000002 is an unknown value
stack at sp + 7 slots: 0x0000000000000002 is an unknown value


---------------  P R O C E S S  ---------------

Threads class SMR info:
_java_thread_list=0x00000166d937a9f0, length=17, elements={
0x00000166bd7e14e0, 0x00000166bd7e3200, 0x00000166bd7f7a40, 0x00000166bd7f85f0,
0x00000166bd7f90a0, 0x00000166bd7f9a50, 0x00000166bd7fa730, 0x00000166d76975e0,
0x00000166d769a2a0, 0x00000166bd7ce6c0, 0x00000166d81e1010, 0x00000166d8327570,
0x00000166d8339010, 0x00000166d83394e0, 0x00000166d83e5030, 0x00000166bd71aa10,
0x00000166d93e1660
}

Java Threads: ( => current thread )
  0x00000166bd7e14e0 JavaThread "Reference Handler" daemon [_thread_blocked, id=6092, stack(0x0000005290600000,0x0000005290700000)]
  0x00000166bd7e3200 JavaThread "Finalizer" daemon [_thread_blocked, id=5800, stack(0x0000005290700000,0x0000005290800000)]
  0x00000166bd7f7a40 JavaThread "Signal Dispatcher" daemon [_thread_blocked, id=6120, stack(0x0000005290800000,0x0000005290900000)]
  0x00000166bd7f85f0 JavaThread "Attach Listener" daemon [_thread_blocked, id=4584, stack(0x0000005290900000,0x0000005290a00000)]
  0x00000166bd7f90a0 JavaThread "Service Thread" daemon [_thread_blocked, id=3552, stack(0x0000005290a00000,0x0000005290b00000)]
  0x00000166bd7f9a50 JavaThread "Monitor Deflation Thread" daemon [_thread_blocked, id=2744, stack(0x0000005290b00000,0x0000005290c00000)]
=>0x00000166bd7fa730 JavaThread "C2 CompilerThread0" daemon [_thread_in_native, id=5612, stack(0x0000005290c00000,0x0000005290d00000)]
  0x00000166d76975e0 JavaThread "C1 CompilerThread0" daemon [_thread_blocked, id=2708, stack(0x0000005290d00000,0x0000005290e00000)]
  0x00000166d769a2a0 JavaThread "Sweeper thread" daemon [_thread_blocked, id=100, stack(0x0000005290e00000,0x0000005290f00000)]
  0x00000166bd7ce6c0 JavaThread "Common-Cleaner" daemon [_thread_blocked, id=4444, stack(0x0000005290f00000,0x0000005291000000)]
  0x00000166d81e1010 JavaThread "Notification Thread" daemon [_thread_blocked, id=3120, stack(0x0000005291000000,0x0000005291100000)]
  0x00000166d8327570 JavaThread "Java2D Disposer" daemon [_thread_blocked, id=1224, stack(0x0000005291200000,0x0000005291300000)]
  0x00000166d8339010 JavaThread "AWT-Shutdown" [_thread_blocked, id=2028, stack(0x0000005291300000,0x0000005291400000)]
  0x00000166d83394e0 JavaThread "AWT-Windows" daemon [_thread_in_native, id=216, stack(0x0000005291400000,0x0000005291500000)]
  0x00000166d83e5030 JavaThread "AWT-EventQueue-0" [_thread_in_native, id=4908, stack(0x0000005291500000,0x0000005291600000)]
  0x00000166bd71aa10 JavaThread "DestroyJavaVM" [_thread_blocked, id=5836, stack(0x000000528ff00000,0x0000005290000000)]
  0x00000166d93e1660 JavaThread "Image Fetcher 0" daemon [_thread_blocked, id=2496, stack(0x0000005291800000,0x0000005291900000)]

Other Threads:
  0x00000166bd7dd140 VMThread "VM Thread" [stack: 0x0000005290500000,0x0000005290600000] [id=2632]
  0x00000166bd74fe60 WatcherThread [stack: 0x0000005291100000,0x0000005291200000] [id=2752]
  0x00000166bd740e60 GCTaskThread "GC Thread#0" [stack: 0x0000005290000000,0x0000005290100000] [id=5916]
  0x00000166d84de2f0 GCTaskThread "GC Thread#1" [stack: 0x0000005291600000,0x0000005291700000] [id=4436]
  0x00000166bd748170 ConcurrentGCThread "G1 Main Marker" [stack: 0x0000005290100000,0x0000005290200000] [id=3300]
  0x00000166bd749320 ConcurrentGCThread "G1 Conc#0" [stack: 0x0000005290200000,0x0000005290300000] [id=5876]
  0x00000166bd77cb00 ConcurrentGCThread "G1 Refine#0" [stack: 0x0000005290300000,0x0000005290400000] [id=5668]
  0x00000166d9031a60 ConcurrentGCThread "G1 Refine#1" [stack: 0x0000005291700000,0x0000005291800000] [id=3564]
  0x00000166bd77d520 ConcurrentGCThread "G1 Service" [stack: 0x0000005290400000,0x0000005290500000] [id=1292]

Threads with active compile tasks:
C2 CompilerThread0     7285 1501       4       sun.java2d.marlin.MarlinCache::copyAARowRLE_WithBlockFlags (733 bytes)

VM state: not at safepoint (normal execution)

VM Mutex/Monitor currently owned by a thread: None

Heap address: 0x00000000d8200000, size: 638 MB, Compressed Oops mode: 32-bit

CDS archive(s) mapped at: [0x0000000800000000-0x0000000800bc0000-0x0000000800bc0000), size 12320768, SharedBaseAddress: 0x0000000800000000, ArchiveRelocationMode: 0.
Compressed class space mapped at: 0x0000000800c00000-0x0000000840c00000, reserved size: 1073741824
Narrow klass base: 0x0000000800000000, Narrow klass shift: 0, Narrow klass range: 0x100000000

GC Precious Log:
 CPUs: 2 total, 2 available
 Memory: 2549M
 Large Page Support: Disabled
 NUMA Support: Disabled
 Compressed Oops: Enabled (32-bit)
 Heap Region Size: 1M
 Heap Min Capacity: 8M
 Heap Initial Capacity: 40M
 Heap Max Capacity: 638M
 Pre-touch: Disabled
 Parallel Workers: 2
 Concurrent Workers: 1
 Concurrent Refinement Workers: 2
 Periodic GC: Disabled

Heap:
 garbage-first heap   total 40960K, used 10701K [0x00000000d8200000, 0x0000000100000000)
  region size 1024K, 3 young (3072K), 1 survivors (1024K)
 Metaspace       used 10222K, committed 10496K, reserved 1064960K
  class space    used 1148K, committed 1280K, reserved 1048576K

Heap Regions: E=young(eden), S=young(survivor), O=old, HS=humongous(starts), HC=humongous(continues), CS=collection set, F=free, OA=open archive, CA=closed archive, TAMS=top-at-mark-start (previous, next)
|   0|0x00000000d8200000, 0x00000000d8300000, 0x00000000d8300000|100%| O|  |TAMS 0x00000000d8200000, 0x00000000d8200000| Untracked 
|   1|0x00000000d8300000, 0x00000000d8400000, 0x00000000d8400000|100%| O|  |TAMS 0x00000000d8300000, 0x00000000d8300000| Untracked 
|   2|0x00000000d8400000, 0x00000000d8500000, 0x00000000d8500000|100%|HS|  |TAMS 0x00000000d8400000, 0x00000000d8400000| Complete 
|   3|0x00000000d8500000, 0x00000000d8600000, 0x00000000d8600000|100%|HC|  |TAMS 0x00000000d8500000, 0x00000000d8500000| Complete 
|   4|0x00000000d8600000, 0x00000000d8700000, 0x00000000d8700000|100%|HS|  |TAMS 0x00000000d8600000, 0x00000000d8600000| Complete 
|   5|0x00000000d8700000, 0x00000000d8800000, 0x00000000d8800000|100%|HC|  |TAMS 0x00000000d8700000, 0x00000000d8700000| Complete 
|   6|0x00000000d8800000, 0x00000000d8900000, 0x00000000d8900000|100%|HC|  |TAMS 0x00000000d8800000, 0x00000000d8800000| Complete 
|   7|0x00000000d8900000, 0x00000000d8a00000, 0x00000000d8a00000|100%|HC|  |TAMS 0x00000000d8900000, 0x00000000d8900000| Complete 
|   8|0x00000000d8a00000, 0x00000000d8a73600, 0x00000000d8b00000| 45%| O|  |TAMS 0x00000000d8a00000, 0x00000000d8a00000| Untracked 
|   9|0x00000000d8b00000, 0x00000000d8b00000, 0x00000000d8c00000|  0%| F|  |TAMS 0x00000000d8b00000, 0x00000000d8b00000| Untracked 
|  10|0x00000000d8c00000, 0x00000000d8c00000, 0x00000000d8d00000|  0%| F|  |TAMS 0x00000000d8c00000, 0x00000000d8c00000| Untracked 
|  11|0x00000000d8d00000, 0x00000000d8d00000, 0x00000000d8e00000|  0%| F|  |TAMS 0x00000000d8d00000, 0x00000000d8d00000| Untracked 
|  12|0x00000000d8e00000, 0x00000000d8e00000, 0x00000000d8f00000|  0%| F|  |TAMS 0x00000000d8e00000, 0x00000000d8e00000| Untracked 
|  13|0x00000000d8f00000, 0x00000000d8f00000, 0x00000000d9000000|  0%| F|  |TAMS 0x00000000d8f00000, 0x00000000d8f00000| Untracked 
|  14|0x00000000d9000000, 0x00000000d9000000, 0x00000000d9100000|  0%| F|  |TAMS 0x00000000d9000000, 0x00000000d9000000| Untracked 
|  15|0x00000000d9100000, 0x00000000d9100000, 0x00000000d9200000|  0%| F|  |TAMS 0x00000000d9100000, 0x00000000d9100000| Untracked 
|  16|0x00000000d9200000, 0x00000000d9200000, 0x00000000d9300000|  0%| F|  |TAMS 0x00000000d9200000, 0x00000000d9200000| Untracked 
|  17|0x00000000d9300000, 0x00000000d9300000, 0x00000000d9400000|  0%| F|  |TAMS 0x00000000d9300000, 0x00000000d9300000| Untracked 
|  18|0x00000000d9400000, 0x00000000d9400000, 0x00000000d9500000|  0%| F|  |TAMS 0x00000000d9400000, 0x00000000d9400000| Untracked 
|  19|0x00000000d9500000, 0x00000000d9500000, 0x00000000d9600000|  0%| F|  |TAMS 0x00000000d9500000, 0x00000000d9500000| Untracked 
|  20|0x00000000d9600000, 0x00000000d9600000, 0x00000000d9700000|  0%| F|  |TAMS 0x00000000d9600000, 0x00000000d9600000| Untracked 
|  21|0x00000000d9700000, 0x00000000d9700000, 0x00000000d9800000|  0%| F|  |TAMS 0x00000000d9700000, 0x00000000d9700000| Untracked 
|  22|0x00000000d9800000, 0x00000000d9800000, 0x00000000d9900000|  0%| F|  |TAMS 0x00000000d9800000, 0x00000000d9800000| Untracked 
|  23|0x00000000d9900000, 0x00000000d9900000, 0x00000000d9a00000|  0%| F|  |TAMS 0x00000000d9900000, 0x00000000d9900000| Untracked 
|  24|0x00000000d9a00000, 0x00000000d9a00000, 0x00000000d9b00000|  0%| F|  |TAMS 0x00000000d9a00000, 0x00000000d9a00000| Untracked 
|  25|0x00000000d9b00000, 0x00000000d9b00000, 0x00000000d9c00000|  0%| F|  |TAMS 0x00000000d9b00000, 0x00000000d9b00000| Untracked 
|  26|0x00000000d9c00000, 0x00000000d9c00000, 0x00000000d9d00000|  0%| F|  |TAMS 0x00000000d9c00000, 0x00000000d9c00000| Untracked 
|  27|0x00000000d9d00000, 0x00000000d9d00000, 0x00000000d9e00000|  0%| F|  |TAMS 0x00000000d9d00000, 0x00000000d9d00000| Untracked 
|  28|0x00000000d9e00000, 0x00000000d9e00000, 0x00000000d9f00000|  0%| F|  |TAMS 0x00000000d9e00000, 0x00000000d9e00000| Untracked 
|  29|0x00000000d9f00000, 0x00000000d9f00000, 0x00000000da000000|  0%| F|  |TAMS 0x00000000d9f00000, 0x00000000d9f00000| Untracked 
|  30|0x00000000da000000, 0x00000000da000000, 0x00000000da100000|  0%| F|  |TAMS 0x00000000da000000, 0x00000000da000000| Untracked 
|  31|0x00000000da100000, 0x00000000da100000, 0x00000000da200000|  0%| F|  |TAMS 0x00000000da100000, 0x00000000da100000| Untracked 
|  32|0x00000000da200000, 0x00000000da200000, 0x00000000da300000|  0%| F|  |TAMS 0x00000000da200000, 0x00000000da200000| Untracked 
|  33|0x00000000da300000, 0x00000000da300000, 0x00000000da400000|  0%| F|  |TAMS 0x00000000da300000, 0x00000000da300000| Untracked 
|  34|0x00000000da400000, 0x00000000da400000, 0x00000000da500000|  0%| F|  |TAMS 0x00000000da400000, 0x00000000da400000| Untracked 
|  35|0x00000000da500000, 0x00000000da500000, 0x00000000da600000|  0%| F|  |TAMS 0x00000000da500000, 0x00000000da500000| Untracked 
|  36|0x00000000da600000, 0x00000000da700000, 0x00000000da700000|100%| S|CS|TAMS 0x00000000da600000, 0x00000000da600000| Complete 
|  37|0x00000000da700000, 0x00000000da700000, 0x00000000da800000|  0%| F|  |TAMS 0x00000000da700000, 0x00000000da700000| Untracked 
|  38|0x00000000da800000, 0x00000000da897360, 0x00000000da900000| 59%| E|  |TAMS 0x00000000da800000, 0x00000000da800000| Complete 
|  39|0x00000000da900000, 0x00000000daa00000, 0x00000000daa00000|100%| E|CS|TAMS 0x00000000da900000, 0x00000000da900000| Complete 

Card table byte_map: [0x00000166bd440000,0x00000166bd580000] _byte_map_base: 0x00000166bcd7f000

Marking Bits (Prev, Next): (CMBitMap*) 0x00000166bd742880, (CMBitMap*) 0x00000166bd7428c0
 Prev Bits: [0x00000166d3f30000, 0x00000166d4928000)
 Next Bits: [0x00000166d4930000, 0x00000166d5328000)

Polling page: 0x00000166bb5c0000

Metaspace:

Usage:
  Non-class:      8.86 MB used.
      Class:      1.12 MB used.
       Both:      9.98 MB used.

Virtual space:
  Non-class space:       16.00 MB reserved,       9.00 MB ( 56%) committed,  2 nodes.
      Class space:        1.00 GB reserved,       1.25 MB ( <1%) committed,  1 nodes.
             Both:        1.02 GB reserved,      10.25 MB ( <1%) committed. 

Chunk freelists:
   Non-Class:  2.99 MB
       Class:  2.73 MB
        Both:  5.72 MB

MaxMetaspaceSize: unlimited
CompressedClassSpaceSize: 1.00 GB
Initial GC threshold: 21.00 MB
Current GC threshold: 21.00 MB
CDS: on
MetaspaceReclaimPolicy: balanced
 - commit_granule_bytes: 65536.
 - commit_granule_words: 8192.
 - virtual_space_node_default_size: 1048576.
 - enlarge_chunks_in_place: 1.
 - new_chunks_are_fully_committed: 0.
 - uncommit_free_chunks: 1.
 - use_allocation_guard: 0.
 - handle_deallocations: 1.


Internal statistics:

num_allocs_failed_limit: 0.
num_arena_births: 120.
num_arena_deaths: 0.
num_vsnodes_births: 3.
num_vsnodes_deaths: 0.
num_space_committed: 164.
num_space_uncommitted: 0.
num_chunks_returned_to_freelist: 0.
num_chunks_taken_from_freelist: 175.
num_chunk_merges: 0.
num_chunk_splits: 99.
num_chunks_enlarged: 44.
num_purges: 0.
num_inconsistent_stats: 0.

CodeHeap 'non-profiled nmethods': size=120064Kb used=403Kb max_used=403Kb free=119661Kb
 bounds [0x00000166cc9f0000, 0x00000166ccc60000, 0x00000166d3f30000]
CodeHeap 'profiled nmethods': size=120000Kb used=2788Kb max_used=2788Kb free=117211Kb
 bounds [0x00000166c54c0000, 0x00000166c5780000, 0x00000166cc9f0000]
CodeHeap 'non-nmethods': size=5696Kb used=1299Kb max_used=1314Kb free=4396Kb
 bounds [0x00000166c4f30000, 0x00000166c51a0000, 0x00000166c54c0000]
 total_blobs=2163 nmethods=1524 adapters=553
 compilation: enabled
              stopped_count=0, restarted_count=0
 full_count=0

Compilation events (20 events):
Event: 7.106 Thread 0x00000166d76975e0 1503       3       javax.swing.plaf.synth.SynthButtonUI::getContext (11 bytes)
Event: 7.107 Thread 0x00000166d76975e0 nmethod 1503 0x00000166c576cc10 code [0x00000166c576ce20, 0x00000166c576d4a8]
Event: 7.107 Thread 0x00000166d76975e0 1504       3       javax.swing.plaf.synth.SynthLookAndFeel::getSelectedUI (13 bytes)
Event: 7.107 Thread 0x00000166d76975e0 nmethod 1504 0x00000166c576d710 code [0x00000166c576d8c0, 0x00000166c576db18]
Event: 7.108 Thread 0x00000166d76975e0 1505       3       java.awt.Rectangle::getY (6 bytes)
Event: 7.108 Thread 0x00000166d76975e0 nmethod 1505 0x00000166c576dc10 code [0x00000166c576dda0, 0x00000166c576deb8]
Event: 7.108 Thread 0x00000166d76975e0 1506       3       sun.java2d.SunGraphics2D::getClip (9 bytes)
Event: 7.108 Thread 0x00000166d76975e0 nmethod 1506 0x00000166c576df90 code [0x00000166c576e120, 0x00000166c576e268]
Event: 7.108 Thread 0x00000166d76975e0 1507       3       java.awt.geom.Rectangle2D::intersects (85 bytes)
Event: 7.109 Thread 0x00000166d76975e0 nmethod 1507 0x00000166c576e310 code [0x00000166c576e500, 0x00000166c576ed08]
Event: 7.141 Thread 0x00000166d76975e0 1508       3       sun.java2d.pipe.Region::getInstanceXYXY (12 bytes)
Event: 7.142 Thread 0x00000166d76975e0 nmethod 1508 0x00000166c576ee90 code [0x00000166c576f040, 0x00000166c576f258]
Event: 7.142 Thread 0x00000166d76975e0 1509       3       javax.swing.JComponent::getBounds (50 bytes)
Event: 7.143 Thread 0x00000166d76975e0 nmethod 1509 0x00000166c576f390 code [0x00000166c576f5c0, 0x00000166c5770168]
Event: 7.145 Thread 0x00000166d76975e0 1510 %     3       java.awt.LinearGradientPaintContext::fillRaster @ 50 (97 bytes)
Event: 7.146 Thread 0x00000166d76975e0 nmethod 1510% 0x00000166c5770490 code [0x00000166c5770660, 0x00000166c5770b68]
Event: 7.146 Thread 0x00000166d76975e0 1511       3       java.awt.LinearGradientPaintContext::fillRaster (97 bytes)
Event: 7.147 Thread 0x00000166d76975e0 nmethod 1511 0x00000166c5770d90 code [0x00000166c5770f40, 0x00000166c57712c8]
Event: 7.156 Thread 0x00000166d76975e0 1513       1       java.util.zip.Inflater$InflaterZStreamRef::address (5 bytes)
Event: 7.156 Thread 0x00000166d76975e0 nmethod 1513 0x00000166cca54110 code [0x00000166cca542a0, 0x00000166cca54378]

GC Heap History (4 events):
Event: 1.549 GC heap before
{Heap before GC invocations=0 (full 0):
 garbage-first heap   total 40960K, used 6144K [0x00000000d8200000, 0x0000000100000000)
  region size 1024K, 6 young (6144K), 0 survivors (0K)
 Metaspace       used 8294K, committed 8512K, reserved 1056768K
  class space    used 988K, committed 1088K, reserved 1048576K
}
Event: 1.561 GC heap after
{Heap after GC invocations=1 (full 0):
 garbage-first heap   total 40960K, used 2108K [0x00000000d8200000, 0x0000000100000000)
  region size 1024K, 1 young (1024K), 1 survivors (1024K)
 Metaspace       used 8294K, committed 8512K, reserved 1056768K
  class space    used 988K, committed 1088K, reserved 1048576K
}
Event: 3.282 GC heap before
{Heap before GC invocations=1 (full 0):
 garbage-first heap   total 40960K, used 11324K [0x00000000d8200000, 0x0000000100000000)
  region size 1024K, 4 young (4096K), 1 survivors (1024K)
 Metaspace       used 9765K, committed 9984K, reserved 1064960K
  class space    used 1133K, committed 1216K, reserved 1048576K
}
Event: 3.295 GC heap after
{Heap after GC invocations=2 (full 0):
 garbage-first heap   total 40960K, used 9677K [0x00000000d8200000, 0x0000000100000000)
  region size 1024K, 1 young (1024K), 1 survivors (1024K)
 Metaspace       used 9765K, committed 9984K, reserved 1064960K
  class space    used 1133K, committed 1216K, reserved 1048576K
}

Deoptimization events (20 events):
Event: 1.187 Thread 0x00000166d83e5030 DEOPT PACKING pc=0x00000166cca1a2c4 sp=0x00000052915fd690
Event: 1.187 Thread 0x00000166d83e5030 DEOPT UNPACKING pc=0x00000166c4f8239d sp=0x00000052915fd600 mode 2
Event: 1.300 Thread 0x00000166d83e5030 DEOPT PACKING pc=0x00000166c54dc967 sp=0x00000052915fbf00
Event: 1.300 Thread 0x00000166d83e5030 DEOPT UNPACKING pc=0x00000166c4f82b24 sp=0x00000052915fb320 mode 0
Event: 1.404 Thread 0x00000166d83e5030 Uncommon trap: trap_request=0xffffff45 fr.pc=0x00000166cca16518 relative=0x0000000000000938
Event: 1.404 Thread 0x00000166d83e5030 Uncommon trap: reason=unstable_if action=reinterpret pc=0x00000166cca16518 method=java.util.HashMap.resize()[Ljava/util/HashMap$Node; @ 203 c2
Event: 1.404 Thread 0x00000166d83e5030 DEOPT PACKING pc=0x00000166cca16518 sp=0x00000052915fd2f0
Event: 1.404 Thread 0x00000166d83e5030 DEOPT UNPACKING pc=0x00000166c4f8239d sp=0x00000052915fd290 mode 2
Event: 3.254 Thread 0x00000166d93e1660 Uncommon trap: trap_request=0xffffff45 fr.pc=0x00000166cca38cc0 relative=0x0000000000000320
Event: 3.254 Thread 0x00000166d93e1660 Uncommon trap: reason=unstable_if action=reinterpret pc=0x00000166cca38cc0 method=java.lang.StringLatin1.newString([BII)Ljava/lang/String; @ 1 c2
Event: 3.254 Thread 0x00000166d93e1660 DEOPT PACKING pc=0x00000166cca38cc0 sp=0x00000052918feb30
Event: 3.254 Thread 0x00000166d93e1660 DEOPT UNPACKING pc=0x00000166c4f8239d sp=0x00000052918feb10 mode 2
Event: 4.345 Thread 0x00000166d83e5030 Uncommon trap: trap_request=0xffffff45 fr.pc=0x00000166cca33260 relative=0x0000000000000380
Event: 4.345 Thread 0x00000166d83e5030 Uncommon trap: reason=unstable_if action=reinterpret pc=0x00000166cca33260 method=java.awt.MultipleGradientPaintContext.indexIntoGradientsArrays(F)I @ 93 c2
Event: 4.345 Thread 0x00000166d83e5030 DEOPT PACKING pc=0x00000166cca33260 sp=0x00000052915fd210
Event: 4.345 Thread 0x00000166d83e5030 DEOPT UNPACKING pc=0x00000166c4f8239d sp=0x00000052915fd198 mode 2
Event: 7.157 Thread 0x00000166d93e1660 DEOPT PACKING pc=0x00000166c56b3234 sp=0x00000052918ff100
Event: 7.157 Thread 0x00000166d93e1660 DEOPT UNPACKING pc=0x00000166c4f82b24 sp=0x00000052918fe5a0 mode 0
Event: 7.158 Thread 0x00000166d93e1660 DEOPT PACKING pc=0x00000166c56b3234 sp=0x00000052918ff100
Event: 7.158 Thread 0x00000166d93e1660 DEOPT UNPACKING pc=0x00000166c4f82b24 sp=0x00000052918fe5a0 mode 0

Classes unloaded (0 events):
No events

Classes redefined (0 events):
No events

Internal exceptions (20 events):
Event: 0.991 Thread 0x00000166bd71aa10 Exception <a 'java/lang/ClassNotFoundException'{0x00000000da51ed08}: EditorPane> (0x00000000da51ed08) 
thrown [t:\workspace\open\src\hotspot\share\classfile\systemDictionary.cpp, line 256]
Event: 0.993 Thread 0x00000166bd71aa10 Exception <a 'java/lang/ClassNotFoundException'{0x00000000da51f9f0}: ToolBar> (0x00000000da51f9f0) 
thrown [t:\workspace\open\src\hotspot\share\classfile\systemDictionary.cpp, line 256]
Event: 0.993 Thread 0x00000166bd71aa10 Exception <a 'java/lang/ClassNotFoundException'{0x00000000da51fee8}: ToolBar> (0x00000000da51fee8) 
thrown [t:\workspace\open\src\hotspot\share\classfile\systemDictionary.cpp, line 256]
Event: 0.993 Thread 0x00000166bd71aa10 Exception <a 'java/lang/ClassNotFoundException'{0x00000000da520248}: Button> (0x00000000da520248) 
thrown [t:\workspace\open\src\hotspot\share\classfile\systemDictionary.cpp, line 256]
Event: 0.993 Thread 0x00000166bd71aa10 Exception <a 'java/lang/ClassNotFoundException'{0x00000000da520710}: ToolBar> (0x00000000da520710) 
thrown [t:\workspace\open\src\hotspot\share\classfile\systemDictionary.cpp, line 256]
Event: 0.993 Thread 0x00000166bd71aa10 Exception <a 'java/lang/ClassNotFoundException'{0x00000000da520a80}: ToggleButton> (0x00000000da520a80) 
thrown [t:\workspace\open\src\hotspot\share\classfile\systemDictionary.cpp, line 256]
Event: 0.993 Thread 0x00000166bd71aa10 Exception <a 'java/lang/ClassNotFoundException'{0x00000000da520ec0}: javax/swing/JToolBarSeparator> (0x00000000da520ec0) 
thrown [t:\workspace\open\src\hotspot\share\classfile\systemDictionary.cpp, line 256]
Event: 0.993 Thread 0x00000166bd71aa10 Exception <a 'java/lang/ClassNotFoundException'{0x00000000da5211c8}: ToolBarSeparator> (0x00000000da5211c8) 
thrown [t:\workspace\open\src\hotspot\share\classfile\systemDictionary.cpp, line 256]
Event: 0.994 Thread 0x00000166bd71aa10 Exception <a 'java/lang/ClassNotFoundException'{0x00000000da5216e0}: ToolTip> (0x00000000da5216e0) 
thrown [t:\workspace\open\src\hotspot\share\classfile\systemDictionary.cpp, line 256]
Event: 0.997 Thread 0x00000166bd71aa10 Exception <a 'java/lang/ClassNotFoundException'{0x00000000da522030}: Tree> (0x00000000da522030) 
thrown [t:\workspace\open\src\hotspot\share\classfile\systemDictionary.cpp, line 256]
Event: 0.997 Thread 0x00000166bd71aa10 Exception <a 'java/lang/ClassNotFoundException'{0x00000000da522528}: Tree> (0x00000000da522528) 
thrown [t:\workspace\open\src\hotspot\share\classfile\systemDictionary.cpp, line 256]
Event: 0.998 Thread 0x00000166bd71aa10 Exception <a 'java/lang/ClassNotFoundException'{0x00000000da522898}: javax/swing/JTreeCell> (0x00000000da522898) 
thrown [t:\workspace\open\src\hotspot\share\classfile\systemDictionary.cpp, line 256]
Event: 0.998 Thread 0x00000166bd71aa10 Exception <a 'java/lang/ClassNotFoundException'{0x00000000da522b98}: TreeCell> (0x00000000da522b98) 
thrown [t:\workspace\open\src\hotspot\share\classfile\systemDictionary.cpp, line 256]
Event: 0.999 Thread 0x00000166bd71aa10 Exception <a 'java/lang/ClassNotFoundException'{0x00000000da523358}: RootPane> (0x00000000da523358) 
thrown [t:\workspace\open\src\hotspot\share\classfile\systemDictionary.cpp, line 256]
Event: 1.004 Thread 0x00000166bd71aa10 Exception <a 'java/lang/ClassNotFoundException'{0x00000000da526140}: com/sun/swing/internal/plaf/metal/resources/spi/metalProvider> (0x00000000da526140) 
thrown [t:\workspace\open\src\hotspot\share\classfile\systemDictionary.cpp, line 256]
Event: 1.007 Thread 0x00000166bd71aa10 Exception <a 'java/lang/ClassNotFoundException'{0x00000000da529d40}: com/sun/swing/internal/plaf/basic/resources/spi/basicProvider> (0x00000000da529d40) 
thrown [t:\workspace\open\src\hotspot\share\classfile\systemDictionary.cpp, line 256]
Event: 1.102 Thread 0x00000166d83e5030 Exception <a 'java/lang/ClassNotFoundException'{0x00000000da5bc420}: com/sun/swing/internal/plaf/synth/resources/spi/synthProvider> (0x00000000da5bc420) 
thrown [t:\workspace\open\src\hotspot\share\classfile\systemDictionary.cpp, line 256]
Event: 1.255 Thread 0x00000166d83394e0 Exception <a 'java/lang/NoSuchMethodError'{0x00000000da78afc0}: 'void java.lang.invoke.DirectMethodHandle$Holder.invokeVirtual(java.lang.Object, java.lang.Object)'> (0x00000000da78afc0) 
thrown [t:\workspace\open\src\hotspot\share\interpreter\linkResolver.cpp, line 766]
Event: 1.299 Thread 0x00000166d83e5030 Exception <a 'java/lang/NoSuchMethodError'{0x00000000da43f848}: 'void java.lang.invoke.DirectMethodHandle$Holder.invokeStaticInit(java.lang.Object)'> (0x00000000da43f848) 
thrown [t:\workspace\open\src\hotspot\share\interpreter\linkResolver.cpp, line 766]
Event: 3.282 Thread 0x00000166d93e1660 Exception <a 'java/lang/NoSuchMethodError'{0x00000000da7ff250}: 'java.lang.Object java.lang.invoke.DirectMethodHandle$Holder.newInvokeSpecial(java.lang.Object, java.lang.Object, java.lang.Object, int, int, int, int, int)'> (0x00000000da7ff250) 
thrown [t:\workspace\open\src\hotspot\share\interpreter\linkResolver.cpp, line 766]

VM Operations (20 events):
Event: 1.667 Executing VM operation: HandshakeAllThreads
Event: 1.667 Executing VM operation: HandshakeAllThreads done
Event: 1.677 Executing VM operation: HandshakeAllThreads
Event: 1.678 Executing VM operation: HandshakeAllThreads done
Event: 1.765 Executing VM operation: HandshakeAllThreads
Event: 1.765 Executing VM operation: HandshakeAllThreads done
Event: 1.773 Executing VM operation: HandshakeAllThreads
Event: 1.773 Executing VM operation: HandshakeAllThreads done
Event: 2.772 Executing VM operation: Cleanup
Event: 2.772 Executing VM operation: Cleanup done
Event: 3.097 Executing VM operation: HandshakeAllThreads
Event: 3.097 Executing VM operation: HandshakeAllThreads done
Event: 3.282 Executing VM operation: G1CollectForAllocation
Event: 3.296 Executing VM operation: G1CollectForAllocation done
Event: 4.300 Executing VM operation: Cleanup
Event: 4.300 Executing VM operation: Cleanup done
Event: 5.300 Executing VM operation: Cleanup
Event: 5.300 Executing VM operation: Cleanup done
Event: 6.301 Executing VM operation: Cleanup
Event: 6.301 Executing VM operation: Cleanup done

Events (20 events):
Event: 3.579 loading class javax/swing/event/ChangeEvent
Event: 3.579 loading class javax/swing/event/ChangeEvent done
Event: 4.419 loading class java/awt/event/ItemEvent
Event: 4.419 loading class java/awt/event/ItemEvent done
Event: 5.018 loading class java/awt/geom/Arc2D$Float
Event: 5.018 loading class java/awt/geom/Arc2D
Event: 5.019 loading class java/awt/geom/Arc2D done
Event: 5.019 loading class java/awt/geom/Arc2D$Float done
Event: 5.019 loading class java/awt/geom/Line2D
Event: 5.019 loading class java/awt/geom/Line2D done
Event: 5.019 loading class java/awt/geom/ArcIterator
Event: 5.020 loading class java/awt/geom/ArcIterator done
Event: 7.100 loading class javax/accessibility/AccessibleState
Event: 7.100 loading class javax/accessibility/AccessibleBundle
Event: 7.100 loading class javax/accessibility/AccessibleBundle done
Event: 7.100 loading class javax/accessibility/AccessibleState done
Event: 7.100 loading class javax/accessibility/AccessibleBundle$1
Event: 7.100 loading class sun/awt/AWTAccessor$AccessibleBundleAccessor
Event: 7.100 loading class sun/awt/AWTAccessor$AccessibleBundleAccessor done
Event: 7.100 loading class javax/accessibility/AccessibleBundle$1 done


Dynamic libraries:
0x00007ff644880000 - 0x00007ff644890000 	C:\Program Files\Java\jdk-17.0.1\bin\java.exe
0x00007ffd0fdd0000 - 0x00007ffd0ffc5000 	C:\Windows\SYSTEM32\ntdll.dll
0x00007ffd0e020000 - 0x00007ffd0e0de000 	C:\Windows\System32\KERNEL32.DLL
0x00007ffd0da60000 - 0x00007ffd0dd28000 	C:\Windows\System32\KERNELBASE.dll
0x00007ffd0d520000 - 0x00007ffd0d620000 	C:\Windows\System32\ucrtbase.dll
0x00007ffcf8890000 - 0x00007ffcf88a8000 	C:\Program Files\Java\jdk-17.0.1\bin\jli.dll
0x00007ffd0e280000 - 0x00007ffd0e32c000 	C:\Windows\System32\ADVAPI32.dll
0x00007ffd0fc80000 - 0x00007ffd0fd1e000 	C:\Windows\System32\msvcrt.dll
0x00007ffd0e0e0000 - 0x00007ffd0e17b000 	C:\Windows\System32\sechost.dll
0x00007ffd0e520000 - 0x00007ffd0e64a000 	C:\Windows\System32\RPCRT4.dll
0x00007ffd0fac0000 - 0x00007ffd0fc61000 	C:\Windows\System32\USER32.dll
0x00007ffd0d4f0000 - 0x00007ffd0d512000 	C:\Windows\System32\win32u.dll
0x00007ffd0dff0000 - 0x00007ffd0e01b000 	C:\Windows\System32\GDI32.dll
0x00007ffd0d7f0000 - 0x00007ffd0d8fb000 	C:\Windows\System32\gdi32full.dll
0x00007ffd0dd80000 - 0x00007ffd0de1d000 	C:\Windows\System32\msvcp_win.dll
0x00007ffd031f0000 - 0x00007ffd0320a000 	C:\Program Files\Java\jdk-17.0.1\bin\VCRUNTIME140.dll
0x00007ffd02a20000 - 0x00007ffd02cba000 	C:\Windows\WinSxS\amd64_microsoft.windows.common-controls_6595b64144ccf1df_6.0.19041.1110_none_60b5254171f9507e\COMCTL32.dll
0x00007ffcfe410000 - 0x00007ffcfe41a000 	C:\Windows\SYSTEM32\VERSION.dll
0x00007ffd0e180000 - 0x00007ffd0e1b0000 	C:\Windows\System32\IMM32.DLL
0x00007ffd07c10000 - 0x00007ffd07c1c000 	C:\Program Files\Java\jdk-17.0.1\bin\vcruntime140_1.dll
0x00007ffcef700000 - 0x00007ffcef78d000 	C:\Program Files\Java\jdk-17.0.1\bin\msvcp140.dll
0x00007ffce52a0000 - 0x00007ffce5e5e000 	C:\Program Files\Java\jdk-17.0.1\bin\server\jvm.dll
0x00007ffd0fc70000 - 0x00007ffd0fc78000 	C:\Windows\System32\PSAPI.DLL
0x00007ffd093a0000 - 0x00007ffd093a9000 	C:\Windows\SYSTEM32\WSOCK32.dll
0x00007ffd0f9f0000 - 0x00007ffd0fa5b000 	C:\Windows\System32\WS2_32.dll
0x00007ffd01ab0000 - 0x00007ffd01ad7000 	C:\Windows\SYSTEM32\WINMM.dll
0x00007ffd0b3f0000 - 0x00007ffd0b402000 	C:\Windows\SYSTEM32\kernel.appcore.dll
0x00007ffd035a0000 - 0x00007ffd035aa000 	C:\Program Files\Java\jdk-17.0.1\bin\jimage.dll
0x00007ffd005b0000 - 0x00007ffd00794000 	C:\Windows\SYSTEM32\DBGHELP.DLL
0x00007ffd02ff0000 - 0x00007ffd0301c000 	C:\Windows\SYSTEM32\dbgcore.DLL
0x00007ffd0d760000 - 0x00007ffd0d7e3000 	C:\Windows\System32\bcryptPrimitives.dll
0x00007ffcfafb0000 - 0x00007ffcfafd5000 	C:\Program Files\Java\jdk-17.0.1\bin\java.dll
0x00007ffcebee0000 - 0x00007ffcebfb6000 	C:\Program Files\Java\jdk-17.0.1\bin\svml.dll
0x00007ffd0e650000 - 0x00007ffd0ed8f000 	C:\Windows\System32\SHELL32.dll
0x00007ffd0b5f0000 - 0x00007ffd0bd80000 	C:\Windows\SYSTEM32\windows.storage.dll
0x00007ffd0f210000 - 0x00007ffd0f565000 	C:\Windows\System32\combase.dll
0x00007ffd0cf40000 - 0x00007ffd0cf6e000 	C:\Windows\SYSTEM32\Wldp.dll
0x00007ffd0e1d0000 - 0x00007ffd0e27d000 	C:\Windows\System32\SHCORE.dll
0x00007ffd0f1b0000 - 0x00007ffd0f205000 	C:\Windows\System32\shlwapi.dll
0x00007ffd0d430000 - 0x00007ffd0d44f000 	C:\Windows\SYSTEM32\profapi.dll
0x00007ffd00ac0000 - 0x00007ffd00ad9000 	C:\Program Files\Java\jdk-17.0.1\bin\net.dll
0x00007ffd02110000 - 0x00007ffd0221c000 	C:\Windows\SYSTEM32\WINHTTP.dll
0x00007ffd0cca0000 - 0x00007ffd0cd0a000 	C:\Windows\system32\mswsock.dll
0x00007ffcfc030000 - 0x00007ffcfc045000 	C:\Program Files\Java\jdk-17.0.1\bin\nio.dll
0x00007ffcf9c80000 - 0x00007ffcf9c98000 	C:\Program Files\Java\jdk-17.0.1\bin\zip.dll
0x00007ffceab70000 - 0x00007ffceacff000 	C:\Program Files\Java\jdk-17.0.1\bin\awt.dll
0x00007ffd0e330000 - 0x00007ffd0e3fd000 	C:\Windows\System32\OLEAUT32.dll
0x00007ffd0ad30000 - 0x00007ffd0adc0000 	C:\Windows\SYSTEM32\apphelp.dll
0x00007ffd0aec0000 - 0x00007ffd0af5e000 	C:\Windows\system32\uxtheme.dll
0x00007ffd0e400000 - 0x00007ffd0e515000 	C:\Windows\System32\MSCTF.dll
0x00007ffd0dec0000 - 0x00007ffd0dfea000 	C:\Windows\System32\ole32.dll
0x00007ffd0b2e0000 - 0x00007ffd0b30f000 	C:\Windows\system32\DWMAPI.DLL
0x00007ffcef3e0000 - 0x00007ffcef469000 	C:\Program Files\Java\jdk-17.0.1\bin\freetype.dll
0x00007ffce6bb0000 - 0x00007ffce6c58000 	C:\Program Files\Java\jdk-17.0.1\bin\fontmanager.dll
0x00007ffceb670000 - 0x00007ffceb795000 	C:\Windows\system32\opengl32.dll
0x00007ffcf9c50000 - 0x00007ffcf9c7c000 	C:\Windows\SYSTEM32\GLU32.dll
0x00007ffd055b0000 - 0x00007ffd056a9000 	C:\Windows\SYSTEM32\textinputframework.dll
0x00007ffd0a410000 - 0x00007ffd0a76e000 	C:\Windows\System32\CoreUIComponents.dll
0x00007ffd0aaf0000 - 0x00007ffd0abe2000 	C:\Windows\System32\CoreMessaging.dll
0x00007ffd0c220000 - 0x00007ffd0c253000 	C:\Windows\SYSTEM32\ntmarta.dll
0x00007ffd09430000 - 0x00007ffd09584000 	C:\Windows\SYSTEM32\wintypes.dll

dbghelp: loaded successfully - version: 4.0.5 - missing functions: none
symbol engine: initialized successfully - sym options: 0x614 - pdb path: .;C:\Program Files\Java\jdk-17.0.1\bin;C:\Windows\SYSTEM32;C:\Windows\WinSxS\amd64_microsoft.windows.common-controls_6595b64144ccf1df_6.0.19041.1110_none_60b5254171f9507e;C:\Program Files\Java\jdk-17.0.1\bin\server

VM Arguments:
jvm_args: -Dfile.encoding=UTF-8 --module-path=C:\Users\Johan Cruz\Desktop\Paint\build\classes 
java_command: paint.Paint
java_class_path (initial): C:\Program Files\NetBeans-12.5\netbeans\java\modules\ext\AbsoluteLayout.jar;C:\Users\Johan Cruz\Desktop\Paint\build\classes
Launcher Type: SUN_STANDARD

[Global flags]
     intx CICompilerCount                          = 2                                         {product} {ergonomic}
     uint ConcGCThreads                            = 1                                         {product} {ergonomic}
     uint G1ConcRefinementThreads                  = 2                                         {product} {ergonomic}
   size_t G1HeapRegionSize                         = 1048576                                   {product} {ergonomic}
    uintx GCDrainStackTargetSize                   = 64                                        {product} {ergonomic}
   size_t InitialHeapSize                          = 41943040                                  {product} {ergonomic}
   size_t MarkStackSize                            = 4194304                                   {product} {ergonomic}
   size_t MaxHeapSize                              = 668991488                                 {product} {ergonomic}
   size_t MaxNewSize                               = 400556032                                 {product} {ergonomic}
   size_t MinHeapDeltaBytes                        = 1048576                                   {product} {ergonomic}
   size_t MinHeapSize                              = 8388608                                   {product} {ergonomic}
    uintx NonNMethodCodeHeapSize                   = 5826188                                {pd product} {ergonomic}
    uintx NonProfiledCodeHeapSize                  = 122916026                              {pd product} {ergonomic}
    uintx ProfiledCodeHeapSize                     = 122916026                              {pd product} {ergonomic}
    uintx ReservedCodeCacheSize                    = 251658240                              {pd product} {ergonomic}
     bool SegmentedCodeCache                       = true                                      {product} {ergonomic}
   size_t SoftMaxHeapSize                          = 668991488                              {manageable} {ergonomic}
     bool UseCompressedClassPointers               = true                           {product lp64_product} {ergonomic}
     bool UseCompressedOops                        = true                           {product lp64_product} {ergonomic}
     bool UseG1GC                                  = true                                      {product} {ergonomic}
     bool UseLargePagesIndividualAllocation        = false                                  {pd product} {ergonomic}

Logging:
Log output configuration:
 #0: stdout all=warning uptime,level,tags
 #1: stderr all=off uptime,level,tags

Environment Variables:
PATH=C:\Program Files\Common Files\Oracle\Java\javapath;C:\Windows\system32;C:\Windows;C:\Windows\System32\Wbem;C:\Windows\System32\WindowsPowerShell\v1.0\;C:\Windows\System32\OpenSSH\;C:\Program Files\Git\cmd;C:\Users\Johan Cruz\AppData\Local\Microsoft\WindowsApps
USERNAME=Johan Cruz
OS=Windows_NT
PROCESSOR_IDENTIFIER=Intel64 Family 6 Model 15 Stepping 13, GenuineIntel



---------------  S Y S T E M  ---------------

OS:
 Windows 10 , 64 bit Build 19041 (10.0.19041.1348)
OS uptime: 0 days 8:50 hours

CPU: total 2 (initial active 2) (2 cores per cpu, 1 threads per core) family 6 model 15 stepping 13 microcode 0xa4, cx8, cmov, fxsr, mmx, sse, sse2, sse3, ssse3, tsc, clflush

Memory: 4k page, system-wide physical 2549M (90M free)
TotalPageFile size 4442M (AvailPageFile size 790M)
current process WorkingSet (physical memory assigned to process): 74M, peak: 74M
current process commit charge ("private bytes"): 126M, peak: 126M

vm_info: Java HotSpot(TM) 64-Bit Server VM (17.0.1+12-LTS-39) for windows-amd64 JRE (17.0.1+12-LTS-39), built on Sep 27 2021 18:41:35 by "mach5one" with MS VC++ 16.8 (VS2019)

END.
